<?xml version="1.0" encoding="UTF-8"?>
<testsuite name="test.BankServiceTest" tests="1" skipped="0" failures="0" errors="0" timestamp="2024-08-09T00:47:07" hostname="MacBook-Air-Rafael.local" time="0.585">
  <properties/>
  <testcase name="testCalculateLimitExceeded()" classname="test.BankServiceTest" time="0.585"/>
  <system-out><![CDATA[]]></system-out>
  <system-err><![CDATA[WARNING: A Java agent has been loaded dynamically (/Users/rafael/.gradle/caches/modules-2/files-2.1/net.bytebuddy/byte-buddy-agent/1.14.18/417558ea01fe9f0e8a94af28b9469d281c4e3984/byte-buddy-agent-1.14.18.jar)
WARNING: If a serviceability tool is in use, please run with -XX:+EnableDynamicAgentLoading to hide this warning
WARNING: If a serviceability tool is not in use, please run with -Djdk.instrument.traceUsage for more information
WARNING: Dynamic loading of agents will be disallowed by default in a future release
]]></system-err>
</testsuite>
